<?xml version="1.0" encoding="UTF-8"?>
<!-- Generated by org.testng.reporters.JUnitReportReporter -->
<testsuite skipped="4" hostname="DESKTOP-VTLIHK5" name="mobileTests.Tests" tests="5" failures="0" timestamp="2021-04-05T11:20:31 IST" time="10.004" errors="0">
  <testcase name="dismissMessagesTest" time="10.004" classname="mobileTests.Tests"/>
  <system-out/>
  <testcase name="SignInUsingDataProvider" time="0.000" classname="mobileTests.Tests">
    <skipped/>
  </testcase> <!-- SignInUsingDataProvider -->
  <system-out/>
  <testcase name="AddCoursesTest" classname="mobileTests.Tests">
    <skipped/>
  </testcase> <!-- AddCoursesTest -->
  <system-out/>
  <testcase name="signout" classname="mobileTests.Tests">
    <skipped/>
  </testcase> <!-- signout -->
  <system-out/>
  <testcase name="signupUsingEmailTest" classname="mobileTests.Tests">
    <skipped/>
  </testcase> <!-- signupUsingEmailTest -->
  <system-out/>
</testsuite> <!-- mobileTests.Tests -->
